Build started 2019/5/14 20:20:17.
     1>Project "D:\VS2012_Project\onlytest\onlytest\onlytest.vcxproj" on node 2 (build target(s)).
     1>PrepareForBuild:
         Creating directory "D:\VS2012_Project\onlytest\Release\".
       InitializeBuildStatus:
         Creating "Release\onlytest.unsuccessfulbuild" because "AlwaysCreate" was specified.
       Midl:
         C:\Program Files (x86)\Microsoft SDKs\Windows\v7.0A\bin\midl.exe /D NDEBUG /W1 /nologo /char signed /env win32 /h "onlytestidl.h" /tlb "Release\onlytest.tlb" /robust onlytest.idl 
         Processing .\onlytest.idl
         onlytest.idl
         Processing C:\Program Files (x86)\Microsoft SDKs\Windows\v7.0A\include\oaidl.idl
         oaidl.idl
         Processing C:\Program Files (x86)\Microsoft SDKs\Windows\v7.0A\include\objidl.idl
         objidl.idl
         Processing C:\Program Files (x86)\Microsoft SDKs\Windows\v7.0A\include\unknwn.idl
         unknwn.idl
         Processing C:\Program Files (x86)\Microsoft SDKs\Windows\v7.0A\include\wtypes.idl
         wtypes.idl
         Processing C:\Program Files (x86)\Microsoft SDKs\Windows\v7.0A\include\basetsd.h
         basetsd.h
         Processing C:\Program Files (x86)\Microsoft SDKs\Windows\v7.0A\include\guiddef.h
         guiddef.h
         Processing C:\Program Files (x86)\Microsoft SDKs\Windows\v7.0A\include\oaidl.acf
         oaidl.acf
       ClCompile:
         D:\Program Files (x86)\Microsoft Visual Studio 10.0\VC\bin\CL.exe /c /Zi /nologo /W3 /WX- /O2 /Oi /Oy- /GL /D WIN32 /D _WINDOWS /D NDEBUG /D _USRDLL /D _WINDLL /D _UNICODE /D UNICODE /D _AFXDLL /Gm- /EHsc /MD /GS /Gy /fp:precise /Zc:wchar_t /Zc:forScope /Yc"StdAfx.h" /Fp"Release\onlytest.pch" /Fo"Release\\" /Fd"Release\vc100.pdb" /Gd /TP /analyze- /errorReport:prompt stdafx.cpp
         stdafx.cpp
         D:\Program Files (x86)\Microsoft Visual Studio 10.0\VC\bin\CL.exe /c /Zi /nologo /W3 /WX- /O2 /Oi /Oy- /GL /D WIN32 /D _WINDOWS /D NDEBUG /D _USRDLL /D _WINDLL /D _UNICODE /D UNICODE /D _AFXDLL /Gm- /EHsc /MD /GS /Gy /fp:precise /Zc:wchar_t /Zc:forScope /Yu"StdAfx.h" /Fp"Release\onlytest.pch" /Fo"Release\\" /Fd"Release\vc100.pdb" /Gd /TP /analyze- /errorReport:prompt onlytest.cpp onlytestCtrl.cpp onlytestPropPage.cpp
         onlytest.cpp
         onlytestCtrl.cpp
         onlytestPropPage.cpp
       ResourceCompile:
         C:\Program Files (x86)\Microsoft SDKs\Windows\v7.0A\bin\rc.exe /D NDEBUG /D _UNICODE /D UNICODE /D _AFXDLL /l"0x0409" /IRelease\ /nologo /fo"Release\onlytest.res" onlytest.rc 
       Link:
         D:\Program Files (x86)\Microsoft Visual Studio 10.0\VC\bin\link.exe /ERRORREPORT:PROMPT /OUT:"D:\VS2012_Project\onlytest\Release\onlytest.ocx" /INCREMENTAL:NO /NOLOGO /DEF:".\onlytest.def" /MANIFEST /ManifestFile:"Release\onlytest.ocx.intermediate.manifest" /MANIFESTUAC:"level='asInvoker' uiAccess='false'" /DEBUG /PDB:"D:\VS2012_Project\onlytest\Release\onlytest.pdb" /SUBSYSTEM:WINDOWS /OPT:REF /OPT:ICF /LTCG /TLBID:1 /DYNAMICBASE /NXCOMPAT /IMPLIB:"D:\VS2012_Project\onlytest\Release\onlytest.lib" /MACHINE:X86 /DLL Release\onlytest.res
         Release\onlytest.obj
         Release\onlytestCtrl.obj
         Release\onlytestPropPage.obj
         Release\stdafx.obj
            Creating library D:\VS2012_Project\onlytest\Release\onlytest.lib and object D:\VS2012_Project\onlytest\Release\onlytest.exp
         Generating code
         Finished generating code
         onlytest.vcxproj -> D:\VS2012_Project\onlytest\Release\onlytest.ocx
       Manifest:
         C:\Program Files (x86)\Microsoft SDKs\Windows\v7.0A\bin\mt.exe /nologo /verbose /outputresource:"D:\VS2012_Project\onlytest\Release\onlytest.ocx;#2" /manifest Release\onlytest.ocx.intermediate.manifest "D:\Program Files (x86)\Microsoft Visual Studio 10.0\VC\Include\Manifest\dpiaware.manifest"
       RegisterOutput:
         regsvr32 /s "D:\VS2012_Project\onlytest\Release\onlytest.ocx"
     1>C:\Program Files (x86)\MSBuild\Microsoft.Cpp\v4.0\Microsoft.CppCommon.targets(744,5): warning MSB3075: The command "regsvr32 /s "D:\VS2012_Project\onlytest\Release\onlytest.ocx"" exited with code 5. Please verify that you have sufficient rights to run this command.
         The previous error was converted to a warning because the task was called with ContinueOnError=true.
         Build continuing because "ContinueOnError" on the task "Exec" is set to "true".
     1>C:\Program Files (x86)\MSBuild\Microsoft.Cpp\v4.0\Microsoft.CppCommon.targets(756,5): error MSB8011: Failed to register output. Please try enabling Per-user Redirection or register the component from a command prompt with elevated permissions.
     1>Done Building Project "D:\VS2012_Project\onlytest\onlytest\onlytest.vcxproj" (build target(s)) -- FAILED.

Build FAILED.

Time Elapsed 00:00:05.99
